<?xml version="1.0" encoding="UTF-8"?>
<testng-results ignored="0" total="1" passed="1" failed="0" skipped="0">
  <reporter-output>
  </reporter-output>
  <suite started-at="2023-04-03T10:17:02 IST" name="Default suite" finished-at="2023-04-03T10:17:02 IST" duration-ms="42">
    <groups>
    </groups>
    <test started-at="2023-04-03T10:17:02 IST" name="Default test" finished-at="2023-04-03T10:17:02 IST" duration-ms="42">
      <class name="sample.Tester">
        <test-method signature="test()[pri:0, instance:sample.Tester@1cbb87f3]" started-at="2023-04-03T10:17:02 IST" name="test" finished-at="2023-04-03T10:17:02 IST" duration-ms="12" status="PASS">
          <reporter-output>
          </reporter-output>
        </test-method> <!-- test -->
      </class> <!-- sample.Tester -->
    </test> <!-- Default test -->
  </suite> <!-- Default suite -->
</testng-results>
